<?xml version="1.0" encoding="UTF-8"?>
<!-- Generated by org.testng.reporters.JUnitReportReporter -->
<testsuite skipped="0" hostname="DESKTOP-ILBLPA2" name="com.menneni.MortgageTests" tests="1" failures="0" timestamp="17 May 2020 00:49:08 GMT" time="0.014" errors="0">
  <testcase name="HomeMortgageTest" time="0.014" classname="com.menneni.MortgageTests"/>
</testsuite> <!-- com.menneni.MortgageTests -->
